<?xml version="1.0" encoding="UTF-8"?>
<!-- Generated by org.testng.reporters.JUnitXMLReporter -->
<testsuite ignored="1" hostname="LAPTOP-U2DQVJNJ" failures="0" tests="1" name="Default test" time="2.27" errors="0" timestamp="2023-04-05T10:42:39 IST">
  <testcase classname="testcases.Requests" name="PostMethod" time="2.223"/>
  <testcase classname="testcases.Requests" name="getMethodwithPathParam" time="0.0">
    <ignored/>
  </testcase> <!-- getMethodwithPathParam -->
</testsuite> <!-- Default test -->
