<?xml version="1.0" encoding="UTF-8"?>
<testng-results ignored="0" total="2" passed="2" failed="0" skipped="0">
  <reporter-output>
  </reporter-output>
  <suite started-at="2023-04-09T15:01:46 IST" name="Default suite" finished-at="2023-04-09T15:01:49 IST" duration-ms="2981">
    <groups>
    </groups>
    <test started-at="2023-04-09T15:01:46 IST" name="Default test" finished-at="2023-04-09T15:01:49 IST" duration-ms="2981">
      <class name="testcases.Requests">
        <test-method signature="PostMethod()[pri:0, instance:testcases.Requests@3541cb24]" started-at="2023-04-09T15:01:46 IST" name="PostMethod" finished-at="2023-04-09T15:01:48 IST" duration-ms="2677" status="PASS">
          <reporter-output>
          </reporter-output>
        </test-method> <!-- PostMethod -->
        <test-method signature="getMethodwithPathParam()[pri:0, instance:testcases.Requests@3541cb24]" started-at="2023-04-09T15:01:48 IST" name="getMethodwithPathParam" description="Method to demonstrate get method using path parameters" finished-at="2023-04-09T15:01:49 IST" duration-ms="256" status="PASS">
          <reporter-output>
          </reporter-output>
        </test-method> <!-- getMethodwithPathParam -->
      </class> <!-- testcases.Requests -->
    </test> <!-- Default test -->
  </suite> <!-- Default suite -->
</testng-results>
