<?xml version="1.0" encoding="UTF-8"?>
<testng-results ignored="1" total="2" passed="1" failed="0" skipped="0">
  <reporter-output>
  </reporter-output>
  <suite started-at="2023-04-05T10:42:37 IST" name="Default suite" finished-at="2023-04-05T10:42:39 IST" duration-ms="2270">
    <groups>
    </groups>
    <test started-at="2023-04-05T10:42:37 IST" name="Default test" finished-at="2023-04-05T10:42:39 IST" duration-ms="2270">
      <class name="testcases.Requests">
        <test-method signature="PostMethod()[pri:0, instance:testcases.Requests@355ce81c]" started-at="2023-04-05T10:42:37 IST" name="PostMethod" finished-at="2023-04-05T10:42:39 IST" duration-ms="2223" status="PASS">
          <reporter-output>
          </reporter-output>
        </test-method> <!-- PostMethod -->
      </class> <!-- testcases.Requests -->
    </test> <!-- Default test -->
  </suite> <!-- Default suite -->
</testng-results>
